  [4;36;1mSQL (0.000104)[0m   [0;1mSET NAMES 'utf8'[0m
  [4;35;1mSQL (0.000053)[0m   [0mSET SQL_AUTO_IS_NULL=0[0m
  [4;36;1mSQL (0.000812)[0m   [0;1mSHOW TABLES[0m
  [4;35;1mSQL (0.006184)[0m   [0mCREATE TABLE `schema_migrations` (`version` varchar(255) NOT NULL) ENGINE=InnoDB[0m
  [4;36;1mSQL (0.006345)[0m   [0;1mCREATE UNIQUE INDEX `unique_schema_migrations` ON `schema_migrations` (`version`)[0m
  [4;35;1mSQL (0.000274)[0m   [0mSHOW TABLES[0m
  [4;36;1mSQL (0.000259)[0m   [0;1mSELECT version FROM schema_migrations[0m
Migrating to CreateUsers (20080812085755)
  [4;35;1mSQL (0.000034)[0m   [0mSELECT version FROM schema_migrations[0m
  [4;36;1mSQL (0.000158)[0m   [0;1mSHOW TABLES[0m
  [4;35;1mSQL (0.004304)[0m   [0mCREATE TABLE `users` (`id` int(11) DEFAULT NULL auto_increment PRIMARY KEY, `login` varchar(255) DEFAULT NULL NULL, `email` varchar(255) DEFAULT NULL NULL, `crypted_password` varchar(40) DEFAULT NULL NULL, `salt` varchar(40) DEFAULT NULL NULL, `created_at` datetime DEFAULT NULL NULL, `updated_at` datetime DEFAULT NULL NULL, `remember_token` varchar(255) DEFAULT NULL NULL, `remember_token_expires_at` datetime DEFAULT NULL NULL) ENGINE=InnoDB[0m
  [4;36;1mSQL (0.000623)[0m   [0;1mINSERT INTO schema_migrations (version) VALUES ('20080812085755')[0m
  [4;35;1mSQL (0.000165)[0m   [0mSELECT version FROM schema_migrations[0m
  [4;36;1mSQL (0.000142)[0m   [0;1mSHOW TABLES[0m
  [4;35;1mSQL (0.000753)[0m   [0mSHOW FIELDS FROM `users`[0m
  [4;36;1mSQL (0.001813)[0m   [0;1mdescribe `users`[0m
  [4;35;1mSQL (0.000230)[0m   [0mSHOW KEYS FROM `users`[0m


Processing HomeController#index (for 127.0.0.1 at 2008-08-12 11:10:20) [GET]
  Session ID: e6c75c7901f708af4c9af14a632c36ab
  Parameters: {"action"=>"index", "controller"=>"home"}
  [4;36;1mSQL (0.000076)[0m   [0;1mSET NAMES 'utf8'[0m
  [4;35;1mSQL (0.000044)[0m   [0mSET SQL_AUTO_IS_NULL=0[0m
Redirected to http://localhost:3000/session/new
Filter chain halted as [:login_required] rendered_or_redirected.
Completed in 0.00078 (1283 reqs/sec) | DB: 0.00012 (15%) | 302 Found [http://localhost/]


Processing SessionsController#new (for 127.0.0.1 at 2008-08-12 11:10:20) [GET]
  Session ID: BAh7BzoOcmV0dXJuX3RvIgYvIgpmbGFzaElDOidBY3Rpb25Db250cm9sbGVy
OjpGbGFzaDo6Rmxhc2hIYXNoewAGOgpAdXNlZHsA--cedfa9e2382d0aef63e146eee184d2d3bced870c
  Parameters: {"action"=>"new", "controller"=>"sessions"}
Rendering sessions/new
Completed in 0.00516 (193 reqs/sec) | Rendering: 0.00220 (42%) | DB: 0.00000 (0%) | 200 OK [http://localhost/session/new]


Processing SessionsController#create (for 127.0.0.1 at 2008-08-12 11:14:16) [POST]
  Session ID: BAh7CDoOcmV0dXJuX3RvIgYvOgxjc3JmX2lkIiUxNmZiZjExZTczYzFkOTgx
YzU4MThlOWFiZWFiMTdjMiIKZmxhc2hJQzonQWN0aW9uQ29udHJvbGxlcjo6
Rmxhc2g6OkZsYXNoSGFzaHsABjoKQHVzZWR7AA==--c1034e0e32da82e0d502bbaabea4da59be6f6701
  Parameters: {"commit"=>"Log in", "authenticity_token"=>"f7666c1fe172bef00b9942c664d0587e1e549d2e", "action"=>"create", "controller"=>"sessions", "password"=>"", "login"=>""}
  [4;36;1mUser Columns (0.000925)[0m   [0;1mSHOW FIELDS FROM `users`[0m
  [4;35;1mUser Load (0.000269)[0m   [0mSELECT * FROM `users` WHERE (`users`.`login` = '') LIMIT 1[0m
Rendering sessions/new
Completed in 0.03242 (30 reqs/sec) | Rendering: 0.00140 (4%) | DB: 0.00119 (3%) | 200 OK [http://localhost/session]


Processing SessionsController#create (for 127.0.0.1 at 2008-08-12 11:14:18) [POST]
  Session ID: BAh7CToMdXNlcl9pZDA6DnJldHVybl90byIGLzoMY3NyZl9pZCIlMTZmYmYx
MWU3M2MxZDk4MWM1ODE4ZTlhYmVhYjE3YzIiCmZsYXNoSUM6J0FjdGlvbkNv
bnRyb2xsZXI6OkZsYXNoOjpGbGFzaEhhc2h7AAY6CkB1c2VkewA=--67e2ee1950be0cd22d3dc316b783e4a4a7cde9da
  Parameters: {"commit"=>"Log in", "authenticity_token"=>"f7666c1fe172bef00b9942c664d0587e1e549d2e", "action"=>"create", "controller"=>"sessions", "password"=>"", "login"=>""}
  [4;36;1mUser Columns (0.000871)[0m   [0;1mSHOW FIELDS FROM `users`[0m
  [4;35;1mUser Load (0.000099)[0m   [0mSELECT * FROM `users` WHERE (`users`.`login` = '') LIMIT 1[0m
Rendering sessions/new
Completed in 0.01495 (66 reqs/sec) | Rendering: 0.00124 (8%) | DB: 0.00097 (6%) | 200 OK [http://localhost/session]


Processing SessionsController#create (for 127.0.0.1 at 2008-08-12 11:14:21) [POST]
  Session ID: BAh7CToMdXNlcl9pZDA6DnJldHVybl90byIGLzoMY3NyZl9pZCIlMTZmYmYx
MWU3M2MxZDk4MWM1ODE4ZTlhYmVhYjE3YzIiCmZsYXNoSUM6J0FjdGlvbkNv
bnRyb2xsZXI6OkZsYXNoOjpGbGFzaEhhc2h7AAY6CkB1c2VkewA=--67e2ee1950be0cd22d3dc316b783e4a4a7cde9da
  Parameters: {"commit"=>"Log in", "authenticity_token"=>"f7666c1fe172bef00b9942c664d0587e1e549d2e", "action"=>"create", "controller"=>"sessions", "password"=>"sdf", "login"=>"sfdsdf"}
  [4;36;1mUser Columns (0.000920)[0m   [0;1mSHOW FIELDS FROM `users`[0m
  [4;35;1mUser Load (0.000266)[0m   [0mSELECT * FROM `users` WHERE (`users`.`login` = 'sfdsdf') LIMIT 1[0m
Rendering sessions/new
Completed in 0.01603 (62 reqs/sec) | Rendering: 0.00154 (9%) | DB: 0.00119 (7%) | 200 OK [http://localhost/session]


Processing UsersController#index (for 127.0.0.1 at 2008-08-12 11:54:33) [GET]
  Session ID: BAh7CToMdXNlcl9pZDA6DnJldHVybl90byIGLzoMY3NyZl9pZCIlMTZmYmYx
MWU3M2MxZDk4MWM1ODE4ZTlhYmVhYjE3YzIiCmZsYXNoSUM6J0FjdGlvbkNv
bnRyb2xsZXI6OkZsYXNoOjpGbGFzaEhhc2h7AAY6CkB1c2VkewA=--67e2ee1950be0cd22d3dc316b783e4a4a7cde9da
  Parameters: {"action"=>"index", "controller"=>"users"}


ActionController::UnknownAction (No action responded to index):
    /usr/lib/ruby/gems/1.8/gems/actionpack-2.1.0/lib/action_controller/filters.rb:580:in `call_filters'
    /usr/lib/ruby/gems/1.8/gems/actionpack-2.1.0/lib/action_controller/filters.rb:573:in `perform_action_without_benchmark'
    /usr/lib/ruby/gems/1.8/gems/actionpack-2.1.0/lib/action_controller/benchmarking.rb:68:in `perform_action_without_rescue'
    /usr/lib/ruby/1.8/benchmark.rb:293:in `measure'
    /usr/lib/ruby/gems/1.8/gems/actionpack-2.1.0/lib/action_controller/benchmarking.rb:68:in `perform_action_without_rescue'
    /usr/lib/ruby/gems/1.8/gems/actionpack-2.1.0/lib/action_controller/rescue.rb:201:in `perform_action_without_caching'
    /usr/lib/ruby/gems/1.8/gems/actionpack-2.1.0/lib/action_controller/caching/sql_cache.rb:13:in `perform_action'
    /usr/lib/ruby/gems/1.8/gems/activerecord-2.1.0/lib/active_record/connection_adapters/abstract/query_cache.rb:33:in `cache'
    /usr/lib/ruby/gems/1.8/gems/activerecord-2.1.0/lib/active_record/query_cache.rb:8:in `cache'
    /usr/lib/ruby/gems/1.8/gems/actionpack-2.1.0/lib/action_controller/caching/sql_cache.rb:12:in `perform_action'
    /usr/lib/ruby/gems/1.8/gems/actionpack-2.1.0/lib/action_controller/base.rb:529:in `send'
    /usr/lib/ruby/gems/1.8/gems/actionpack-2.1.0/lib/action_controller/base.rb:529:in `process_without_filters'
    /usr/lib/ruby/gems/1.8/gems/actionpack-2.1.0/lib/action_controller/filters.rb:569:in `process_without_session_management_support'
    /usr/lib/ruby/gems/1.8/gems/actionpack-2.1.0/lib/action_controller/session_management.rb:130:in `process'
    /usr/lib/ruby/gems/1.8/gems/actionpack-2.1.0/lib/action_controller/base.rb:389:in `process'
    /usr/lib/ruby/gems/1.8/gems/actionpack-2.1.0/lib/action_controller/dispatcher.rb:149:in `handle_request'
    /usr/lib/ruby/gems/1.8/gems/actionpack-2.1.0/lib/action_controller/dispatcher.rb:107:in `dispatch'
    /usr/lib/ruby/gems/1.8/gems/actionpack-2.1.0/lib/action_controller/dispatcher.rb:104:in `synchronize'
    /usr/lib/ruby/gems/1.8/gems/actionpack-2.1.0/lib/action_controller/dispatcher.rb:104:in `dispatch'
    /usr/lib/ruby/gems/1.8/gems/actionpack-2.1.0/lib/action_controller/dispatcher.rb:120:in `dispatch_cgi'
    /usr/lib/ruby/gems/1.8/gems/actionpack-2.1.0/lib/action_controller/dispatcher.rb:35:in `dispatch'
    /usr/lib/ruby/1.8/mongrel/rails.rb:76:in `process'
    /usr/lib/ruby/1.8/mongrel/rails.rb:74:in `synchronize'
    /usr/lib/ruby/1.8/mongrel/rails.rb:74:in `process'
    /usr/lib/ruby/1.8/mongrel.rb:159:in `process_client'
    /usr/lib/ruby/1.8/mongrel.rb:158:in `each'
    /usr/lib/ruby/1.8/mongrel.rb:158:in `process_client'
    /usr/lib/ruby/1.8/mongrel.rb:285:in `run'
    /usr/lib/ruby/1.8/mongrel.rb:285:in `initialize'
    /usr/lib/ruby/1.8/mongrel.rb:285:in `new'
    /usr/lib/ruby/1.8/mongrel.rb:285:in `run'
    /usr/lib/ruby/1.8/mongrel.rb:268:in `initialize'
    /usr/lib/ruby/1.8/mongrel.rb:268:in `new'
    /usr/lib/ruby/1.8/mongrel.rb:268:in `run'
    /usr/lib/ruby/1.8/mongrel/configurator.rb:282:in `run'
    /usr/lib/ruby/1.8/mongrel/configurator.rb:281:in `each'
    /usr/lib/ruby/1.8/mongrel/configurator.rb:281:in `run'
    /usr/lib/ruby/1.8/mongrel_rails:129:in `run'
    /usr/lib/ruby/1.8/mongrel/command.rb:212:in `run'
    /usr/lib/ruby/1.8/mongrel_rails:282
    /usr/lib/ruby/gems/1.8/gems/activesupport-2.1.0/lib/active_support/dependencies.rb:502:in `load'
    /usr/lib/ruby/gems/1.8/gems/activesupport-2.1.0/lib/active_support/dependencies.rb:502:in `load'
    /usr/lib/ruby/gems/1.8/gems/activesupport-2.1.0/lib/active_support/dependencies.rb:354:in `new_constants_in'
    /usr/lib/ruby/gems/1.8/gems/activesupport-2.1.0/lib/active_support/dependencies.rb:502:in `load'
    /usr/lib/ruby/gems/1.8/gems/rails-2.1.0/lib/commands/servers/mongrel.rb:64
    /usr/local/lib/site_ruby/1.8/rubygems/custom_require.rb:27:in `gem_original_require'
    /usr/local/lib/site_ruby/1.8/rubygems/custom_require.rb:27:in `require'
    /usr/lib/ruby/gems/1.8/gems/activesupport-2.1.0/lib/active_support/dependencies.rb:509:in `require'
    /usr/lib/ruby/gems/1.8/gems/activesupport-2.1.0/lib/active_support/dependencies.rb:354:in `new_constants_in'
    /usr/lib/ruby/gems/1.8/gems/activesupport-2.1.0/lib/active_support/dependencies.rb:509:in `require'
    /usr/lib/ruby/gems/1.8/gems/rails-2.1.0/lib/commands/server.rb:39
    /usr/local/lib/site_ruby/1.8/rubygems/custom_require.rb:27:in `gem_original_require'
    /usr/local/lib/site_ruby/1.8/rubygems/custom_require.rb:27:in `require'
    script/server:3

Rendering /usr/lib/ruby/gems/1.8/gems/actionpack-2.1.0/lib/action_controller/templates/rescues/layout.erb (not_found)


Processing UsersController#new (for 127.0.0.1 at 2008-08-12 11:54:36) [GET]
  Session ID: BAh7CToMdXNlcl9pZDA6DnJldHVybl90byIGLzoMY3NyZl9pZCIlMTZmYmYx
MWU3M2MxZDk4MWM1ODE4ZTlhYmVhYjE3YzIiCmZsYXNoSUM6J0FjdGlvbkNv
bnRyb2xsZXI6OkZsYXNoOjpGbGFzaEhhc2h7AAY6CkB1c2VkewA=--67e2ee1950be0cd22d3dc316b783e4a4a7cde9da
  Parameters: {"action"=>"new", "controller"=>"users"}
Rendering users/new
Completed in 0.00550 (181 reqs/sec) | Rendering: 0.00257 (46%) | DB: 0.00000 (0%) | 200 OK [http://localhost/users/new]


Processing UsersController#create (for 127.0.0.1 at 2008-08-12 11:54:57) [POST]
  Session ID: BAh7CToMdXNlcl9pZDA6DnJldHVybl90byIGLzoMY3NyZl9pZCIlMTZmYmYx
MWU3M2MxZDk4MWM1ODE4ZTlhYmVhYjE3YzIiCmZsYXNoSUM6J0FjdGlvbkNv
bnRyb2xsZXI6OkZsYXNoOjpGbGFzaEhhc2h7AAY6CkB1c2VkewA=--67e2ee1950be0cd22d3dc316b783e4a4a7cde9da
  Parameters: {"user"=>{"password_confirmation"=>"12manyhacks", "login"=>"steini", "password"=>"12manyhacks", "email"=>"steiner@aicomm.de"}, "commit"=>"Sign up", "authenticity_token"=>"f7666c1fe172bef00b9942c664d0587e1e549d2e", "action"=>"create", "controller"=>"users"}
Cookie set: auth_token=; path=/; expires=Thu, 01 Jan 1970 00:00:00 GMT
  [4;36;1mUser Columns (0.000717)[0m   [0;1mSHOW FIELDS FROM `users`[0m
  [4;35;1mSQL (0.000048)[0m   [0mBEGIN[0m
  [4;36;1mSQL (0.000183)[0m   [0;1mSELECT `login` FROM `users` WHERE (LOWER(`users`.login) = 'steini') [0m
  [4;35;1mSQL (0.000094)[0m   [0mSELECT `email` FROM `users` WHERE (LOWER(`users`.email) = 'steiner@aicomm.de') [0m
  [4;36;1mUser Create (0.000196)[0m   [0;1mINSERT INTO `users` (`salt`, `updated_at`, `crypted_password`, `remember_token_expires_at`, `remember_token`, `login`, `email`, `created_at`) VALUES('efdb04f9cd3832b122edb6b894ca021192e8858e', '2008-08-12 09:54:57', 'b1618f44d8644a93d06d16c3eb81a488acc68423', NULL, NULL, 'steini', 'steiner@aicomm.de', '2008-08-12 09:54:57')[0m
  [4;35;1mSQL (0.005344)[0m   [0mCOMMIT[0m
Redirected to http://localhost:3000/
Completed in 0.02489 (40 reqs/sec) | DB: 0.00658 (26%) | 302 Found [http://localhost/users]


Processing HomeController#index (for 127.0.0.1 at 2008-08-12 11:54:57) [GET]
  Session ID: BAh7CToMdXNlcl9pZGkGOg5yZXR1cm5fdG8wOgxjc3JmX2lkIiUxNmZiZjEx
ZTczYzFkOTgxYzU4MThlOWFiZWFiMTdjMiIKZmxhc2hJQzonQWN0aW9uQ29u
dHJvbGxlcjo6Rmxhc2g6OkZsYXNoSGFzaHsGOgtub3RpY2UiG1RoYW5rcyBm
b3Igc2lnbmluZyB1cCEGOgpAdXNlZHsGOwlG--c0e86d4991b57b53a7a2d818871dca5e5c8cfa0f
  Parameters: {"action"=>"index", "controller"=>"home"}
  [4;36;1mUser Columns (0.000722)[0m   [0;1mSHOW FIELDS FROM `users`[0m
  [4;35;1mUser Load (0.000198)[0m   [0mSELECT * FROM `users` WHERE (`users`.`id` = 1) LIMIT 1[0m


ActionController::UnknownAction (No action responded to index):
    /usr/lib/ruby/gems/1.8/gems/actionpack-2.1.0/lib/action_controller/filters.rb:580:in `call_filters'
    /usr/lib/ruby/gems/1.8/gems/actionpack-2.1.0/lib/action_controller/filters.rb:573:in `perform_action_without_benchmark'
    /usr/lib/ruby/gems/1.8/gems/actionpack-2.1.0/lib/action_controller/benchmarking.rb:68:in `perform_action_without_rescue'
    /usr/lib/ruby/1.8/benchmark.rb:293:in `measure'
    /usr/lib/ruby/gems/1.8/gems/actionpack-2.1.0/lib/action_controller/benchmarking.rb:68:in `perform_action_without_rescue'
    /usr/lib/ruby/gems/1.8/gems/actionpack-2.1.0/lib/action_controller/rescue.rb:201:in `perform_action_without_caching'
    /usr/lib/ruby/gems/1.8/gems/actionpack-2.1.0/lib/action_controller/caching/sql_cache.rb:13:in `perform_action'
    /usr/lib/ruby/gems/1.8/gems/activerecord-2.1.0/lib/active_record/connection_adapters/abstract/query_cache.rb:33:in `cache'
    /usr/lib/ruby/gems/1.8/gems/activerecord-2.1.0/lib/active_record/query_cache.rb:8:in `cache'
    /usr/lib/ruby/gems/1.8/gems/actionpack-2.1.0/lib/action_controller/caching/sql_cache.rb:12:in `perform_action'
    /usr/lib/ruby/gems/1.8/gems/actionpack-2.1.0/lib/action_controller/base.rb:529:in `send'
    /usr/lib/ruby/gems/1.8/gems/actionpack-2.1.0/lib/action_controller/base.rb:529:in `process_without_filters'
    /usr/lib/ruby/gems/1.8/gems/actionpack-2.1.0/lib/action_controller/filters.rb:569:in `process_without_session_management_support'
    /usr/lib/ruby/gems/1.8/gems/actionpack-2.1.0/lib/action_controller/session_management.rb:130:in `process'
    /usr/lib/ruby/gems/1.8/gems/actionpack-2.1.0/lib/action_controller/base.rb:389:in `process'
    /usr/lib/ruby/gems/1.8/gems/actionpack-2.1.0/lib/action_controller/dispatcher.rb:149:in `handle_request'
    /usr/lib/ruby/gems/1.8/gems/actionpack-2.1.0/lib/action_controller/dispatcher.rb:107:in `dispatch'
    /usr/lib/ruby/gems/1.8/gems/actionpack-2.1.0/lib/action_controller/dispatcher.rb:104:in `synchronize'
    /usr/lib/ruby/gems/1.8/gems/actionpack-2.1.0/lib/action_controller/dispatcher.rb:104:in `dispatch'
    /usr/lib/ruby/gems/1.8/gems/actionpack-2.1.0/lib/action_controller/dispatcher.rb:120:in `dispatch_cgi'
    /usr/lib/ruby/gems/1.8/gems/actionpack-2.1.0/lib/action_controller/dispatcher.rb:35:in `dispatch'
    /usr/lib/ruby/1.8/mongrel/rails.rb:76:in `process'
    /usr/lib/ruby/1.8/mongrel/rails.rb:74:in `synchronize'
    /usr/lib/ruby/1.8/mongrel/rails.rb:74:in `process'
    /usr/lib/ruby/1.8/mongrel.rb:159:in `process_client'
    /usr/lib/ruby/1.8/mongrel.rb:158:in `each'
    /usr/lib/ruby/1.8/mongrel.rb:158:in `process_client'
    /usr/lib/ruby/1.8/mongrel.rb:285:in `run'
    /usr/lib/ruby/1.8/mongrel.rb:285:in `initialize'
    /usr/lib/ruby/1.8/mongrel.rb:285:in `new'
    /usr/lib/ruby/1.8/mongrel.rb:285:in `run'
    /usr/lib/ruby/1.8/mongrel.rb:268:in `initialize'
    /usr/lib/ruby/1.8/mongrel.rb:268:in `new'
    /usr/lib/ruby/1.8/mongrel.rb:268:in `run'
    /usr/lib/ruby/1.8/mongrel/configurator.rb:282:in `run'
    /usr/lib/ruby/1.8/mongrel/configurator.rb:281:in `each'
    /usr/lib/ruby/1.8/mongrel/configurator.rb:281:in `run'
    /usr/lib/ruby/1.8/mongrel_rails:129:in `run'
    /usr/lib/ruby/1.8/mongrel/command.rb:212:in `run'
    /usr/lib/ruby/1.8/mongrel_rails:282
    /usr/lib/ruby/gems/1.8/gems/activesupport-2.1.0/lib/active_support/dependencies.rb:502:in `load'
    /usr/lib/ruby/gems/1.8/gems/activesupport-2.1.0/lib/active_support/dependencies.rb:502:in `load'
    /usr/lib/ruby/gems/1.8/gems/activesupport-2.1.0/lib/active_support/dependencies.rb:354:in `new_constants_in'
    /usr/lib/ruby/gems/1.8/gems/activesupport-2.1.0/lib/active_support/dependencies.rb:502:in `load'
    /usr/lib/ruby/gems/1.8/gems/rails-2.1.0/lib/commands/servers/mongrel.rb:64
    /usr/local/lib/site_ruby/1.8/rubygems/custom_require.rb:27:in `gem_original_require'
    /usr/local/lib/site_ruby/1.8/rubygems/custom_require.rb:27:in `require'
    /usr/lib/ruby/gems/1.8/gems/activesupport-2.1.0/lib/active_support/dependencies.rb:509:in `require'
    /usr/lib/ruby/gems/1.8/gems/activesupport-2.1.0/lib/active_support/dependencies.rb:354:in `new_constants_in'
    /usr/lib/ruby/gems/1.8/gems/activesupport-2.1.0/lib/active_support/dependencies.rb:509:in `require'
    /usr/lib/ruby/gems/1.8/gems/rails-2.1.0/lib/commands/server.rb:39
    /usr/local/lib/site_ruby/1.8/rubygems/custom_require.rb:27:in `gem_original_require'
    /usr/local/lib/site_ruby/1.8/rubygems/custom_require.rb:27:in `require'
    script/server:3

Rendering /usr/lib/ruby/gems/1.8/gems/actionpack-2.1.0/lib/action_controller/templates/rescues/layout.erb (not_found)


Processing HomeController#index (for 127.0.0.1 at 2008-08-12 11:55:01) [GET]
  Session ID: BAh7CToMdXNlcl9pZGkGOg5yZXR1cm5fdG8wOgxjc3JmX2lkIiUxNmZiZjEx
ZTczYzFkOTgxYzU4MThlOWFiZWFiMTdjMiIKZmxhc2hJQzonQWN0aW9uQ29u
dHJvbGxlcjo6Rmxhc2g6OkZsYXNoSGFzaHsGOgtub3RpY2UiG1RoYW5rcyBm
b3Igc2lnbmluZyB1cCEGOgpAdXNlZHsGOwlU--d7926ad5954792677a1bddc83d8b3f71f5f8cd95
  Parameters: {"action"=>"index", "controller"=>"home"}
  [4;36;1mUser Columns (0.000790)[0m   [0;1mSHOW FIELDS FROM `users`[0m
  [4;35;1mUser Load (0.000058)[0m   [0mSELECT * FROM `users` WHERE (`users`.`id` = 1) LIMIT 1[0m


ActionController::UnknownAction (No action responded to index):
    /usr/lib/ruby/gems/1.8/gems/actionpack-2.1.0/lib/action_controller/filters.rb:580:in `call_filters'
    /usr/lib/ruby/gems/1.8/gems/actionpack-2.1.0/lib/action_controller/filters.rb:573:in `perform_action_without_benchmark'
    /usr/lib/ruby/gems/1.8/gems/actionpack-2.1.0/lib/action_controller/benchmarking.rb:68:in `perform_action_without_rescue'
    /usr/lib/ruby/1.8/benchmark.rb:293:in `measure'
    /usr/lib/ruby/gems/1.8/gems/actionpack-2.1.0/lib/action_controller/benchmarking.rb:68:in `perform_action_without_rescue'
    /usr/lib/ruby/gems/1.8/gems/actionpack-2.1.0/lib/action_controller/rescue.rb:201:in `perform_action_without_caching'
    /usr/lib/ruby/gems/1.8/gems/actionpack-2.1.0/lib/action_controller/caching/sql_cache.rb:13:in `perform_action'
    /usr/lib/ruby/gems/1.8/gems/activerecord-2.1.0/lib/active_record/connection_adapters/abstract/query_cache.rb:33:in `cache'
    /usr/lib/ruby/gems/1.8/gems/activerecord-2.1.0/lib/active_record/query_cache.rb:8:in `cache'
    /usr/lib/ruby/gems/1.8/gems/actionpack-2.1.0/lib/action_controller/caching/sql_cache.rb:12:in `perform_action'
    /usr/lib/ruby/gems/1.8/gems/actionpack-2.1.0/lib/action_controller/base.rb:529:in `send'
    /usr/lib/ruby/gems/1.8/gems/actionpack-2.1.0/lib/action_controller/base.rb:529:in `process_without_filters'
    /usr/lib/ruby/gems/1.8/gems/actionpack-2.1.0/lib/action_controller/filters.rb:569:in `process_without_session_management_support'
    /usr/lib/ruby/gems/1.8/gems/actionpack-2.1.0/lib/action_controller/session_management.rb:130:in `process'
    /usr/lib/ruby/gems/1.8/gems/actionpack-2.1.0/lib/action_controller/base.rb:389:in `process'
    /usr/lib/ruby/gems/1.8/gems/actionpack-2.1.0/lib/action_controller/dispatcher.rb:149:in `handle_request'
    /usr/lib/ruby/gems/1.8/gems/actionpack-2.1.0/lib/action_controller/dispatcher.rb:107:in `dispatch'
    /usr/lib/ruby/gems/1.8/gems/actionpack-2.1.0/lib/action_controller/dispatcher.rb:104:in `synchronize'
    /usr/lib/ruby/gems/1.8/gems/actionpack-2.1.0/lib/action_controller/dispatcher.rb:104:in `dispatch'
    /usr/lib/ruby/gems/1.8/gems/actionpack-2.1.0/lib/action_controller/dispatcher.rb:120:in `dispatch_cgi'
    /usr/lib/ruby/gems/1.8/gems/actionpack-2.1.0/lib/action_controller/dispatcher.rb:35:in `dispatch'
    /usr/lib/ruby/1.8/mongrel/rails.rb:76:in `process'
    /usr/lib/ruby/1.8/mongrel/rails.rb:74:in `synchronize'
    /usr/lib/ruby/1.8/mongrel/rails.rb:74:in `process'
    /usr/lib/ruby/1.8/mongrel.rb:159:in `process_client'
    /usr/lib/ruby/1.8/mongrel.rb:158:in `each'
    /usr/lib/ruby/1.8/mongrel.rb:158:in `process_client'
    /usr/lib/ruby/1.8/mongrel.rb:285:in `run'
    /usr/lib/ruby/1.8/mongrel.rb:285:in `initialize'
    /usr/lib/ruby/1.8/mongrel.rb:285:in `new'
    /usr/lib/ruby/1.8/mongrel.rb:285:in `run'
    /usr/lib/ruby/1.8/mongrel.rb:268:in `initialize'
    /usr/lib/ruby/1.8/mongrel.rb:268:in `new'
    /usr/lib/ruby/1.8/mongrel.rb:268:in `run'
    /usr/lib/ruby/1.8/mongrel/configurator.rb:282:in `run'
    /usr/lib/ruby/1.8/mongrel/configurator.rb:281:in `each'
    /usr/lib/ruby/1.8/mongrel/configurator.rb:281:in `run'
    /usr/lib/ruby/1.8/mongrel_rails:129:in `run'
    /usr/lib/ruby/1.8/mongrel/command.rb:212:in `run'
    /usr/lib/ruby/1.8/mongrel_rails:282
    /usr/lib/ruby/gems/1.8/gems/activesupport-2.1.0/lib/active_support/dependencies.rb:502:in `load'
    /usr/lib/ruby/gems/1.8/gems/activesupport-2.1.0/lib/active_support/dependencies.rb:502:in `load'
    /usr/lib/ruby/gems/1.8/gems/activesupport-2.1.0/lib/active_support/dependencies.rb:354:in `new_constants_in'
    /usr/lib/ruby/gems/1.8/gems/activesupport-2.1.0/lib/active_support/dependencies.rb:502:in `load'
    /usr/lib/ruby/gems/1.8/gems/rails-2.1.0/lib/commands/servers/mongrel.rb:64
    /usr/local/lib/site_ruby/1.8/rubygems/custom_require.rb:27:in `gem_original_require'
    /usr/local/lib/site_ruby/1.8/rubygems/custom_require.rb:27:in `require'
    /usr/lib/ruby/gems/1.8/gems/activesupport-2.1.0/lib/active_support/dependencies.rb:509:in `require'
    /usr/lib/ruby/gems/1.8/gems/activesupport-2.1.0/lib/active_support/dependencies.rb:354:in `new_constants_in'
    /usr/lib/ruby/gems/1.8/gems/activesupport-2.1.0/lib/active_support/dependencies.rb:509:in `require'
    /usr/lib/ruby/gems/1.8/gems/rails-2.1.0/lib/commands/server.rb:39
    /usr/local/lib/site_ruby/1.8/rubygems/custom_require.rb:27:in `gem_original_require'
    /usr/local/lib/site_ruby/1.8/rubygems/custom_require.rb:27:in `require'
    script/server:3

Rendering /usr/lib/ruby/gems/1.8/gems/actionpack-2.1.0/lib/action_controller/templates/rescues/layout.erb (not_found)


Processing HomeController#index (for 127.0.0.1 at 2008-08-12 11:55:32) [GET]
  Session ID: BAh7CToMdXNlcl9pZGkGOg5yZXR1cm5fdG8wOgxjc3JmX2lkIiUxNmZiZjEx
ZTczYzFkOTgxYzU4MThlOWFiZWFiMTdjMiIKZmxhc2hJQzonQWN0aW9uQ29u
dHJvbGxlcjo6Rmxhc2g6OkZsYXNoSGFzaHsABjoKQHVzZWR7AA==--9c3c5c6a2f0402c94d67e3137d83579894bac465
  Parameters: {"action"=>"index", "controller"=>"home"}
  [4;36;1mUser Columns (0.000790)[0m   [0;1mSHOW FIELDS FROM `users`[0m
  [4;35;1mUser Load (0.000062)[0m   [0mSELECT * FROM `users` WHERE (`users`.`id` = 1) LIMIT 1[0m
Rendering home/index


ActionView::MissingTemplate (Missing template home/index.html.erb in view path /home/steini/NetBeansProjects/cash/app/views):
    /usr/lib/ruby/gems/1.8/gems/actionpack-2.1.0/lib/action_view/template.rb:85:in `raise_missing_template_exception'
    /usr/lib/ruby/gems/1.8/gems/actionpack-2.1.0/lib/action_view/template.rb:78:in `set_extension_and_file_name'
    /usr/lib/ruby/gems/1.8/gems/actionpack-2.1.0/lib/action_view/template.rb:15:in `initialize'
    /usr/lib/ruby/gems/1.8/gems/actionpack-2.1.0/lib/action_view/base.rb:245:in `new'
    /usr/lib/ruby/gems/1.8/gems/actionpack-2.1.0/lib/action_view/base.rb:245:in `render_file'
    /usr/lib/ruby/gems/1.8/gems/actionpack-2.1.0/lib/action_controller/base.rb:1108:in `render_for_file'
    /usr/lib/ruby/gems/1.8/gems/actionpack-2.1.0/lib/action_controller/base.rb:841:in `render_with_no_layout'
    /usr/lib/ruby/gems/1.8/gems/actionpack-2.1.0/lib/action_controller/layout.rb:259:in `render_without_benchmark'
    /usr/lib/ruby/gems/1.8/gems/actionpack-2.1.0/lib/action_controller/benchmarking.rb:51:in `render'
    /usr/lib/ruby/gems/1.8/gems/activesupport-2.1.0/lib/active_support/core_ext/benchmark.rb:8:in `realtime'
    /usr/lib/ruby/gems/1.8/gems/actionpack-2.1.0/lib/action_controller/benchmarking.rb:51:in `render'
    /usr/lib/ruby/gems/1.8/gems/actionpack-2.1.0/lib/action_controller/base.rb:1157:in `default_render'
    /usr/lib/ruby/gems/1.8/gems/actionpack-2.1.0/lib/action_controller/base.rb:1163:in `perform_action_without_filters'
    /usr/lib/ruby/gems/1.8/gems/actionpack-2.1.0/lib/action_controller/filters.rb:580:in `call_filters'
    /usr/lib/ruby/gems/1.8/gems/actionpack-2.1.0/lib/action_controller/filters.rb:573:in `perform_action_without_benchmark'
    /usr/lib/ruby/gems/1.8/gems/actionpack-2.1.0/lib/action_controller/benchmarking.rb:68:in `perform_action_without_rescue'
    /usr/lib/ruby/1.8/benchmark.rb:293:in `measure'
    /usr/lib/ruby/gems/1.8/gems/actionpack-2.1.0/lib/action_controller/benchmarking.rb:68:in `perform_action_without_rescue'
    /usr/lib/ruby/gems/1.8/gems/actionpack-2.1.0/lib/action_controller/rescue.rb:201:in `perform_action_without_caching'
    /usr/lib/ruby/gems/1.8/gems/actionpack-2.1.0/lib/action_controller/caching/sql_cache.rb:13:in `perform_action'
    /usr/lib/ruby/gems/1.8/gems/activerecord-2.1.0/lib/active_record/connection_adapters/abstract/query_cache.rb:33:in `cache'
    /usr/lib/ruby/gems/1.8/gems/activerecord-2.1.0/lib/active_record/query_cache.rb:8:in `cache'
    /usr/lib/ruby/gems/1.8/gems/actionpack-2.1.0/lib/action_controller/caching/sql_cache.rb:12:in `perform_action'
    /usr/lib/ruby/gems/1.8/gems/actionpack-2.1.0/lib/action_controller/base.rb:529:in `send'
    /usr/lib/ruby/gems/1.8/gems/actionpack-2.1.0/lib/action_controller/base.rb:529:in `process_without_filters'
    /usr/lib/ruby/gems/1.8/gems/actionpack-2.1.0/lib/action_controller/filters.rb:569:in `process_without_session_management_support'
    /usr/lib/ruby/gems/1.8/gems/actionpack-2.1.0/lib/action_controller/session_management.rb:130:in `process'
    /usr/lib/ruby/gems/1.8/gems/actionpack-2.1.0/lib/action_controller/base.rb:389:in `process'
    /usr/lib/ruby/gems/1.8/gems/actionpack-2.1.0/lib/action_controller/dispatcher.rb:149:in `handle_request'
    /usr/lib/ruby/gems/1.8/gems/actionpack-2.1.0/lib/action_controller/dispatcher.rb:107:in `dispatch'
    /usr/lib/ruby/gems/1.8/gems/actionpack-2.1.0/lib/action_controller/dispatcher.rb:104:in `synchronize'
    /usr/lib/ruby/gems/1.8/gems/actionpack-2.1.0/lib/action_controller/dispatcher.rb:104:in `dispatch'
    /usr/lib/ruby/gems/1.8/gems/actionpack-2.1.0/lib/action_controller/dispatcher.rb:120:in `dispatch_cgi'
    /usr/lib/ruby/gems/1.8/gems/actionpack-2.1.0/lib/action_controller/dispatcher.rb:35:in `dispatch'
    /usr/lib/ruby/1.8/mongrel/rails.rb:76:in `process'
    /usr/lib/ruby/1.8/mongrel/rails.rb:74:in `synchronize'
    /usr/lib/ruby/1.8/mongrel/rails.rb:74:in `process'
    /usr/lib/ruby/1.8/mongrel.rb:159:in `process_client'
    /usr/lib/ruby/1.8/mongrel.rb:158:in `each'
    /usr/lib/ruby/1.8/mongrel.rb:158:in `process_client'
    /usr/lib/ruby/1.8/mongrel.rb:285:in `run'
    /usr/lib/ruby/1.8/mongrel.rb:285:in `initialize'
    /usr/lib/ruby/1.8/mongrel.rb:285:in `new'
    /usr/lib/ruby/1.8/mongrel.rb:285:in `run'
    /usr/lib/ruby/1.8/mongrel.rb:268:in `initialize'
    /usr/lib/ruby/1.8/mongrel.rb:268:in `new'
    /usr/lib/ruby/1.8/mongrel.rb:268:in `run'
    /usr/lib/ruby/1.8/mongrel/configurator.rb:282:in `run'
    /usr/lib/ruby/1.8/mongrel/configurator.rb:281:in `each'
    /usr/lib/ruby/1.8/mongrel/configurator.rb:281:in `run'
    /usr/lib/ruby/1.8/mongrel_rails:129:in `run'
    /usr/lib/ruby/1.8/mongrel/command.rb:212:in `run'
    /usr/lib/ruby/1.8/mongrel_rails:282
    /usr/lib/ruby/gems/1.8/gems/activesupport-2.1.0/lib/active_support/dependencies.rb:502:in `load'
    /usr/lib/ruby/gems/1.8/gems/activesupport-2.1.0/lib/active_support/dependencies.rb:502:in `load'
    /usr/lib/ruby/gems/1.8/gems/activesupport-2.1.0/lib/active_support/dependencies.rb:354:in `new_constants_in'
    /usr/lib/ruby/gems/1.8/gems/activesupport-2.1.0/lib/active_support/dependencies.rb:502:in `load'
    /usr/lib/ruby/gems/1.8/gems/rails-2.1.0/lib/commands/servers/mongrel.rb:64
    /usr/local/lib/site_ruby/1.8/rubygems/custom_require.rb:27:in `gem_original_require'
    /usr/local/lib/site_ruby/1.8/rubygems/custom_require.rb:27:in `require'
    /usr/lib/ruby/gems/1.8/gems/activesupport-2.1.0/lib/active_support/dependencies.rb:509:in `require'
    /usr/lib/ruby/gems/1.8/gems/activesupport-2.1.0/lib/active_support/dependencies.rb:354:in `new_constants_in'
    /usr/lib/ruby/gems/1.8/gems/activesupport-2.1.0/lib/active_support/dependencies.rb:509:in `require'
    /usr/lib/ruby/gems/1.8/gems/rails-2.1.0/lib/commands/server.rb:39
    /usr/local/lib/site_ruby/1.8/rubygems/custom_require.rb:27:in `gem_original_require'
    /usr/local/lib/site_ruby/1.8/rubygems/custom_require.rb:27:in `require'
    script/server:3

Rendering /usr/lib/ruby/gems/1.8/gems/actionpack-2.1.0/lib/action_controller/templates/rescues/layout.erb (internal_server_error)


Processing HomeController#index (for 127.0.0.1 at 2008-08-12 11:56:03) [GET]
  Session ID: BAh7CToMdXNlcl9pZGkGOg5yZXR1cm5fdG8wOgxjc3JmX2lkIiUxNmZiZjEx
ZTczYzFkOTgxYzU4MThlOWFiZWFiMTdjMiIKZmxhc2hJQzonQWN0aW9uQ29u
dHJvbGxlcjo6Rmxhc2g6OkZsYXNoSGFzaHsABjoKQHVzZWR7AA==--9c3c5c6a2f0402c94d67e3137d83579894bac465
  Parameters: {"action"=>"index", "controller"=>"home"}
  [4;36;1mUser Columns (0.001108)[0m   [0;1mSHOW FIELDS FROM `users`[0m
  [4;35;1mUser Load (0.000075)[0m   [0mSELECT * FROM `users` WHERE (`users`.`id` = 1) LIMIT 1[0m
Rendering home/index
Completed in 0.01866 (53 reqs/sec) | Rendering: 0.00128 (6%) | DB: 0.00118 (6%) | 200 OK [http://localhost/]


Processing ApplicationController#index (for 127.0.0.1 at 2008-08-12 12:13:21) [GET]
  Session ID: BAh7CToMdXNlcl9pZGkGOg5yZXR1cm5fdG8wOgxjc3JmX2lkIiUxNmZiZjEx
ZTczYzFkOTgxYzU4MThlOWFiZWFiMTdjMiIKZmxhc2hJQzonQWN0aW9uQ29u
dHJvbGxlcjo6Rmxhc2g6OkZsYXNoSGFzaHsABjoKQHVzZWR7AA==--9c3c5c6a2f0402c94d67e3137d83579894bac465
  Parameters: {}


ActionController::RoutingError (No route matches "/session/logout" with {:method=>:get}):
    /usr/lib/ruby/gems/1.8/gems/actionpack-2.1.0/lib/action_controller/routing/recognition_optimisation.rb:67:in `recognize_path'
    /usr/lib/ruby/gems/1.8/gems/actionpack-2.1.0/lib/action_controller/routing/route_set.rb:384:in `recognize'
    /usr/lib/ruby/gems/1.8/gems/actionpack-2.1.0/lib/action_controller/dispatcher.rb:148:in `handle_request'
    /usr/lib/ruby/gems/1.8/gems/actionpack-2.1.0/lib/action_controller/dispatcher.rb:107:in `dispatch'
    /usr/lib/ruby/gems/1.8/gems/actionpack-2.1.0/lib/action_controller/dispatcher.rb:104:in `synchronize'
    /usr/lib/ruby/gems/1.8/gems/actionpack-2.1.0/lib/action_controller/dispatcher.rb:104:in `dispatch'
    /usr/lib/ruby/gems/1.8/gems/actionpack-2.1.0/lib/action_controller/dispatcher.rb:120:in `dispatch_cgi'
    /usr/lib/ruby/gems/1.8/gems/actionpack-2.1.0/lib/action_controller/dispatcher.rb:35:in `dispatch'
    /usr/lib/ruby/1.8/mongrel/rails.rb:76:in `process'
    /usr/lib/ruby/1.8/mongrel/rails.rb:74:in `synchronize'
    /usr/lib/ruby/1.8/mongrel/rails.rb:74:in `process'
    /usr/lib/ruby/1.8/mongrel.rb:159:in `process_client'
    /usr/lib/ruby/1.8/mongrel.rb:158:in `each'
    /usr/lib/ruby/1.8/mongrel.rb:158:in `process_client'
    /usr/lib/ruby/1.8/mongrel.rb:285:in `run'
    /usr/lib/ruby/1.8/mongrel.rb:285:in `initialize'
    /usr/lib/ruby/1.8/mongrel.rb:285:in `new'
    /usr/lib/ruby/1.8/mongrel.rb:285:in `run'
    /usr/lib/ruby/1.8/mongrel.rb:268:in `initialize'
    /usr/lib/ruby/1.8/mongrel.rb:268:in `new'
    /usr/lib/ruby/1.8/mongrel.rb:268:in `run'
    /usr/lib/ruby/1.8/mongrel/configurator.rb:282:in `run'
    /usr/lib/ruby/1.8/mongrel/configurator.rb:281:in `each'
    /usr/lib/ruby/1.8/mongrel/configurator.rb:281:in `run'
    /usr/lib/ruby/1.8/mongrel_rails:129:in `run'
    /usr/lib/ruby/1.8/mongrel/command.rb:212:in `run'
    /usr/lib/ruby/1.8/mongrel_rails:282
    /usr/lib/ruby/gems/1.8/gems/activesupport-2.1.0/lib/active_support/dependencies.rb:502:in `load'
    /usr/lib/ruby/gems/1.8/gems/activesupport-2.1.0/lib/active_support/dependencies.rb:502:in `load'
    /usr/lib/ruby/gems/1.8/gems/activesupport-2.1.0/lib/active_support/dependencies.rb:354:in `new_constants_in'
    /usr/lib/ruby/gems/1.8/gems/activesupport-2.1.0/lib/active_support/dependencies.rb:502:in `load'
    /usr/lib/ruby/gems/1.8/gems/rails-2.1.0/lib/commands/servers/mongrel.rb:64
    /usr/local/lib/site_ruby/1.8/rubygems/custom_require.rb:27:in `gem_original_require'
    /usr/local/lib/site_ruby/1.8/rubygems/custom_require.rb:27:in `require'
    /usr/lib/ruby/gems/1.8/gems/activesupport-2.1.0/lib/active_support/dependencies.rb:509:in `require'
    /usr/lib/ruby/gems/1.8/gems/activesupport-2.1.0/lib/active_support/dependencies.rb:354:in `new_constants_in'
    /usr/lib/ruby/gems/1.8/gems/activesupport-2.1.0/lib/active_support/dependencies.rb:509:in `require'
    /usr/lib/ruby/gems/1.8/gems/rails-2.1.0/lib/commands/server.rb:39
    /usr/local/lib/site_ruby/1.8/rubygems/custom_require.rb:27:in `gem_original_require'
    /usr/local/lib/site_ruby/1.8/rubygems/custom_require.rb:27:in `require'
    script/server:3

Rendering /usr/lib/ruby/gems/1.8/gems/actionpack-2.1.0/lib/action_controller/templates/rescues/layout.erb (not_found)


Processing SessionsController#logout (for 127.0.0.1 at 2008-08-12 12:13:25) [GET]
  Session ID: BAh7CToMdXNlcl9pZGkGOg5yZXR1cm5fdG8wOgxjc3JmX2lkIiUxNmZiZjEx
ZTczYzFkOTgxYzU4MThlOWFiZWFiMTdjMiIKZmxhc2hJQzonQWN0aW9uQ29u
dHJvbGxlcjo6Rmxhc2g6OkZsYXNoSGFzaHsABjoKQHVzZWR7AA==--9c3c5c6a2f0402c94d67e3137d83579894bac465
  Parameters: {"action"=>"logout", "controller"=>"sessions"}


ActionController::UnknownAction (No action responded to logout):
    /usr/lib/ruby/gems/1.8/gems/actionpack-2.1.0/lib/action_controller/filters.rb:580:in `call_filters'
    /usr/lib/ruby/gems/1.8/gems/actionpack-2.1.0/lib/action_controller/filters.rb:573:in `perform_action_without_benchmark'
    /usr/lib/ruby/gems/1.8/gems/actionpack-2.1.0/lib/action_controller/benchmarking.rb:68:in `perform_action_without_rescue'
    /usr/lib/ruby/1.8/benchmark.rb:293:in `measure'
    /usr/lib/ruby/gems/1.8/gems/actionpack-2.1.0/lib/action_controller/benchmarking.rb:68:in `perform_action_without_rescue'
    /usr/lib/ruby/gems/1.8/gems/actionpack-2.1.0/lib/action_controller/rescue.rb:201:in `perform_action_without_caching'
    /usr/lib/ruby/gems/1.8/gems/actionpack-2.1.0/lib/action_controller/caching/sql_cache.rb:13:in `perform_action'
    /usr/lib/ruby/gems/1.8/gems/activerecord-2.1.0/lib/active_record/connection_adapters/abstract/query_cache.rb:33:in `cache'
    /usr/lib/ruby/gems/1.8/gems/activerecord-2.1.0/lib/active_record/query_cache.rb:8:in `cache'
    /usr/lib/ruby/gems/1.8/gems/actionpack-2.1.0/lib/action_controller/caching/sql_cache.rb:12:in `perform_action'
    /usr/lib/ruby/gems/1.8/gems/actionpack-2.1.0/lib/action_controller/base.rb:529:in `send'
    /usr/lib/ruby/gems/1.8/gems/actionpack-2.1.0/lib/action_controller/base.rb:529:in `process_without_filters'
    /usr/lib/ruby/gems/1.8/gems/actionpack-2.1.0/lib/action_controller/filters.rb:569:in `process_without_session_management_support'
    /usr/lib/ruby/gems/1.8/gems/actionpack-2.1.0/lib/action_controller/session_management.rb:130:in `process'
    /usr/lib/ruby/gems/1.8/gems/actionpack-2.1.0/lib/action_controller/base.rb:389:in `process'
    /usr/lib/ruby/gems/1.8/gems/actionpack-2.1.0/lib/action_controller/dispatcher.rb:149:in `handle_request'
    /usr/lib/ruby/gems/1.8/gems/actionpack-2.1.0/lib/action_controller/dispatcher.rb:107:in `dispatch'
    /usr/lib/ruby/gems/1.8/gems/actionpack-2.1.0/lib/action_controller/dispatcher.rb:104:in `synchronize'
    /usr/lib/ruby/gems/1.8/gems/actionpack-2.1.0/lib/action_controller/dispatcher.rb:104:in `dispatch'
    /usr/lib/ruby/gems/1.8/gems/actionpack-2.1.0/lib/action_controller/dispatcher.rb:120:in `dispatch_cgi'
    /usr/lib/ruby/gems/1.8/gems/actionpack-2.1.0/lib/action_controller/dispatcher.rb:35:in `dispatch'
    /usr/lib/ruby/1.8/mongrel/rails.rb:76:in `process'
    /usr/lib/ruby/1.8/mongrel/rails.rb:74:in `synchronize'
    /usr/lib/ruby/1.8/mongrel/rails.rb:74:in `process'
    /usr/lib/ruby/1.8/mongrel.rb:159:in `process_client'
    /usr/lib/ruby/1.8/mongrel.rb:158:in `each'
    /usr/lib/ruby/1.8/mongrel.rb:158:in `process_client'
    /usr/lib/ruby/1.8/mongrel.rb:285:in `run'
    /usr/lib/ruby/1.8/mongrel.rb:285:in `initialize'
    /usr/lib/ruby/1.8/mongrel.rb:285:in `new'
    /usr/lib/ruby/1.8/mongrel.rb:285:in `run'
    /usr/lib/ruby/1.8/mongrel.rb:268:in `initialize'
    /usr/lib/ruby/1.8/mongrel.rb:268:in `new'
    /usr/lib/ruby/1.8/mongrel.rb:268:in `run'
    /usr/lib/ruby/1.8/mongrel/configurator.rb:282:in `run'
    /usr/lib/ruby/1.8/mongrel/configurator.rb:281:in `each'
    /usr/lib/ruby/1.8/mongrel/configurator.rb:281:in `run'
    /usr/lib/ruby/1.8/mongrel_rails:129:in `run'
    /usr/lib/ruby/1.8/mongrel/command.rb:212:in `run'
    /usr/lib/ruby/1.8/mongrel_rails:282
    /usr/lib/ruby/gems/1.8/gems/activesupport-2.1.0/lib/active_support/dependencies.rb:502:in `load'
    /usr/lib/ruby/gems/1.8/gems/activesupport-2.1.0/lib/active_support/dependencies.rb:502:in `load'
    /usr/lib/ruby/gems/1.8/gems/activesupport-2.1.0/lib/active_support/dependencies.rb:354:in `new_constants_in'
    /usr/lib/ruby/gems/1.8/gems/activesupport-2.1.0/lib/active_support/dependencies.rb:502:in `load'
    /usr/lib/ruby/gems/1.8/gems/rails-2.1.0/lib/commands/servers/mongrel.rb:64
    /usr/local/lib/site_ruby/1.8/rubygems/custom_require.rb:27:in `gem_original_require'
    /usr/local/lib/site_ruby/1.8/rubygems/custom_require.rb:27:in `require'
    /usr/lib/ruby/gems/1.8/gems/activesupport-2.1.0/lib/active_support/dependencies.rb:509:in `require'
    /usr/lib/ruby/gems/1.8/gems/activesupport-2.1.0/lib/active_support/dependencies.rb:354:in `new_constants_in'
    /usr/lib/ruby/gems/1.8/gems/activesupport-2.1.0/lib/active_support/dependencies.rb:509:in `require'
    /usr/lib/ruby/gems/1.8/gems/rails-2.1.0/lib/commands/server.rb:39
    /usr/local/lib/site_ruby/1.8/rubygems/custom_require.rb:27:in `gem_original_require'
    /usr/local/lib/site_ruby/1.8/rubygems/custom_require.rb:27:in `require'
    script/server:3

Rendering /usr/lib/ruby/gems/1.8/gems/actionpack-2.1.0/lib/action_controller/templates/rescues/layout.erb (not_found)


Processing UsersController#show (for 127.0.0.1 at 2008-08-12 12:13:35) [GET]
  Session ID: BAh7CToMdXNlcl9pZGkGOg5yZXR1cm5fdG8wOgxjc3JmX2lkIiUxNmZiZjEx
ZTczYzFkOTgxYzU4MThlOWFiZWFiMTdjMiIKZmxhc2hJQzonQWN0aW9uQ29u
dHJvbGxlcjo6Rmxhc2g6OkZsYXNoSGFzaHsABjoKQHVzZWR7AA==--9c3c5c6a2f0402c94d67e3137d83579894bac465
  Parameters: {"action"=>"show", "id"=>"logout", "controller"=>"users"}


ActionController::UnknownAction (No action responded to show):
    /usr/lib/ruby/gems/1.8/gems/actionpack-2.1.0/lib/action_controller/filters.rb:580:in `call_filters'
    /usr/lib/ruby/gems/1.8/gems/actionpack-2.1.0/lib/action_controller/filters.rb:573:in `perform_action_without_benchmark'
    /usr/lib/ruby/gems/1.8/gems/actionpack-2.1.0/lib/action_controller/benchmarking.rb:68:in `perform_action_without_rescue'
    /usr/lib/ruby/1.8/benchmark.rb:293:in `measure'
    /usr/lib/ruby/gems/1.8/gems/actionpack-2.1.0/lib/action_controller/benchmarking.rb:68:in `perform_action_without_rescue'
    /usr/lib/ruby/gems/1.8/gems/actionpack-2.1.0/lib/action_controller/rescue.rb:201:in `perform_action_without_caching'
    /usr/lib/ruby/gems/1.8/gems/actionpack-2.1.0/lib/action_controller/caching/sql_cache.rb:13:in `perform_action'
    /usr/lib/ruby/gems/1.8/gems/activerecord-2.1.0/lib/active_record/connection_adapters/abstract/query_cache.rb:33:in `cache'
    /usr/lib/ruby/gems/1.8/gems/activerecord-2.1.0/lib/active_record/query_cache.rb:8:in `cache'
    /usr/lib/ruby/gems/1.8/gems/actionpack-2.1.0/lib/action_controller/caching/sql_cache.rb:12:in `perform_action'
    /usr/lib/ruby/gems/1.8/gems/actionpack-2.1.0/lib/action_controller/base.rb:529:in `send'
    /usr/lib/ruby/gems/1.8/gems/actionpack-2.1.0/lib/action_controller/base.rb:529:in `process_without_filters'
    /usr/lib/ruby/gems/1.8/gems/actionpack-2.1.0/lib/action_controller/filters.rb:569:in `process_without_session_management_support'
    /usr/lib/ruby/gems/1.8/gems/actionpack-2.1.0/lib/action_controller/session_management.rb:130:in `process'
    /usr/lib/ruby/gems/1.8/gems/actionpack-2.1.0/lib/action_controller/base.rb:389:in `process'
    /usr/lib/ruby/gems/1.8/gems/actionpack-2.1.0/lib/action_controller/dispatcher.rb:149:in `handle_request'
    /usr/lib/ruby/gems/1.8/gems/actionpack-2.1.0/lib/action_controller/dispatcher.rb:107:in `dispatch'
    /usr/lib/ruby/gems/1.8/gems/actionpack-2.1.0/lib/action_controller/dispatcher.rb:104:in `synchronize'
    /usr/lib/ruby/gems/1.8/gems/actionpack-2.1.0/lib/action_controller/dispatcher.rb:104:in `dispatch'
    /usr/lib/ruby/gems/1.8/gems/actionpack-2.1.0/lib/action_controller/dispatcher.rb:120:in `dispatch_cgi'
    /usr/lib/ruby/gems/1.8/gems/actionpack-2.1.0/lib/action_controller/dispatcher.rb:35:in `dispatch'
    /usr/lib/ruby/1.8/mongrel/rails.rb:76:in `process'
    /usr/lib/ruby/1.8/mongrel/rails.rb:74:in `synchronize'
    /usr/lib/ruby/1.8/mongrel/rails.rb:74:in `process'
    /usr/lib/ruby/1.8/mongrel.rb:159:in `process_client'
    /usr/lib/ruby/1.8/mongrel.rb:158:in `each'
    /usr/lib/ruby/1.8/mongrel.rb:158:in `process_client'
    /usr/lib/ruby/1.8/mongrel.rb:285:in `run'
    /usr/lib/ruby/1.8/mongrel.rb:285:in `initialize'
    /usr/lib/ruby/1.8/mongrel.rb:285:in `new'
    /usr/lib/ruby/1.8/mongrel.rb:285:in `run'
    /usr/lib/ruby/1.8/mongrel.rb:268:in `initialize'
    /usr/lib/ruby/1.8/mongrel.rb:268:in `new'
    /usr/lib/ruby/1.8/mongrel.rb:268:in `run'
    /usr/lib/ruby/1.8/mongrel/configurator.rb:282:in `run'
    /usr/lib/ruby/1.8/mongrel/configurator.rb:281:in `each'
    /usr/lib/ruby/1.8/mongrel/configurator.rb:281:in `run'
    /usr/lib/ruby/1.8/mongrel_rails:129:in `run'
    /usr/lib/ruby/1.8/mongrel/command.rb:212:in `run'
    /usr/lib/ruby/1.8/mongrel_rails:282
    /usr/lib/ruby/gems/1.8/gems/activesupport-2.1.0/lib/active_support/dependencies.rb:502:in `load'
    /usr/lib/ruby/gems/1.8/gems/activesupport-2.1.0/lib/active_support/dependencies.rb:502:in `load'
    /usr/lib/ruby/gems/1.8/gems/activesupport-2.1.0/lib/active_support/dependencies.rb:354:in `new_constants_in'
    /usr/lib/ruby/gems/1.8/gems/activesupport-2.1.0/lib/active_support/dependencies.rb:502:in `load'
    /usr/lib/ruby/gems/1.8/gems/rails-2.1.0/lib/commands/servers/mongrel.rb:64
    /usr/local/lib/site_ruby/1.8/rubygems/custom_require.rb:27:in `gem_original_require'
    /usr/local/lib/site_ruby/1.8/rubygems/custom_require.rb:27:in `require'
    /usr/lib/ruby/gems/1.8/gems/activesupport-2.1.0/lib/active_support/dependencies.rb:509:in `require'
    /usr/lib/ruby/gems/1.8/gems/activesupport-2.1.0/lib/active_support/dependencies.rb:354:in `new_constants_in'
    /usr/lib/ruby/gems/1.8/gems/activesupport-2.1.0/lib/active_support/dependencies.rb:509:in `require'
    /usr/lib/ruby/gems/1.8/gems/rails-2.1.0/lib/commands/server.rb:39
    /usr/local/lib/site_ruby/1.8/rubygems/custom_require.rb:27:in `gem_original_require'
    /usr/local/lib/site_ruby/1.8/rubygems/custom_require.rb:27:in `require'
    script/server:3

Rendering /usr/lib/ruby/gems/1.8/gems/actionpack-2.1.0/lib/action_controller/templates/rescues/layout.erb (not_found)


Processing HomeController#index (for 127.0.0.1 at 2008-08-12 12:13:40) [GET]
  Session ID: BAh7CToMdXNlcl9pZGkGOg5yZXR1cm5fdG8wOgxjc3JmX2lkIiUxNmZiZjEx
ZTczYzFkOTgxYzU4MThlOWFiZWFiMTdjMiIKZmxhc2hJQzonQWN0aW9uQ29u
dHJvbGxlcjo6Rmxhc2g6OkZsYXNoSGFzaHsABjoKQHVzZWR7AA==--9c3c5c6a2f0402c94d67e3137d83579894bac465
  Parameters: {"action"=>"index", "controller"=>"home"}
  [4;36;1mUser Columns (0.000713)[0m   [0;1mSHOW FIELDS FROM `users`[0m
  [4;35;1mUser Load (0.000057)[0m   [0mSELECT * FROM `users` WHERE (`users`.`id` = 1) LIMIT 1[0m
Rendering home/index
Completed in 0.01340 (74 reqs/sec) | Rendering: 0.00057 (4%) | DB: 0.00077 (5%) | 200 OK [http://localhost/]


Processing SessionsController#destroy (for 127.0.0.1 at 2008-08-12 12:14:52) [GET]
  Session ID: BAh7CToMdXNlcl9pZGkGOg5yZXR1cm5fdG8wOgxjc3JmX2lkIiUxNmZiZjEx
ZTczYzFkOTgxYzU4MThlOWFiZWFiMTdjMiIKZmxhc2hJQzonQWN0aW9uQ29u
dHJvbGxlcjo6Rmxhc2g6OkZsYXNoSGFzaHsABjoKQHVzZWR7AA==--9c3c5c6a2f0402c94d67e3137d83579894bac465
  Parameters: {"action"=>"destroy", "controller"=>"sessions"}
  [4;36;1mUser Columns (0.001046)[0m   [0;1mSHOW FIELDS FROM `users`[0m
  [4;35;1mUser Load (0.000064)[0m   [0mSELECT * FROM `users` WHERE (`users`.`id` = 1) LIMIT 1[0m
  [4;36;1mSQL (0.000042)[0m   [0;1mBEGIN[0m
  [4;35;1mSQL (0.000029)[0m   [0mCOMMIT[0m
Cookie set: auth_token=; path=/; expires=Thu, 01 Jan 1970 00:00:00 GMT
Redirected to http://localhost:3000/
Completed in 0.01936 (51 reqs/sec) | DB: 0.00118 (6%) | 302 Found [http://localhost/logout]


Processing HomeController#index (for 127.0.0.1 at 2008-08-12 12:14:52) [GET]
  Session ID: BAh7BzoOcmV0dXJuX3RvMCIKZmxhc2hJQzonQWN0aW9uQ29udHJvbGxlcjo6
Rmxhc2g6OkZsYXNoSGFzaHsGOgtub3RpY2UiHllvdSBoYXZlIGJlZW4gbG9n
Z2VkIG91dC4GOgpAdXNlZHsGOwdG--46b547d849e803228e75b027473603a135a32cb5
  Parameters: {"action"=>"index", "controller"=>"home"}
Redirected to http://localhost:3000/session/new
Filter chain halted as [:login_required] rendered_or_redirected.
Completed in 0.00064 (1555 reqs/sec) | DB: 0.00000 (0%) | 302 Found [http://localhost/]


Processing SessionsController#new (for 127.0.0.1 at 2008-08-12 12:14:52) [GET]
  Session ID: BAh7BzoOcmV0dXJuX3RvIgYvIgpmbGFzaElDOidBY3Rpb25Db250cm9sbGVy
OjpGbGFzaDo6Rmxhc2hIYXNoewY6C25vdGljZSIeWW91IGhhdmUgYmVlbiBs
b2dnZWQgb3V0LgY6CkB1c2VkewY7B1Q=--6f1b0bbaaaabf1747192f4b299a504f8c496881f
  Parameters: {"action"=>"new", "controller"=>"sessions"}
Rendering sessions/new
Completed in 0.00428 (233 reqs/sec) | Rendering: 0.00134 (31%) | DB: 0.00000 (0%) | 200 OK [http://localhost/session/new]


Processing SessionsController#create (for 127.0.0.1 at 2008-08-12 12:14:58) [POST]
  Session ID: BAh7CDoOcmV0dXJuX3RvIgYvOgxjc3JmX2lkIiU2NDNlMTRjYjQ3M2YxZWJl
Yjc1MWEzMzVjYjVhZWNjYSIKZmxhc2hJQzonQWN0aW9uQ29udHJvbGxlcjo6
Rmxhc2g6OkZsYXNoSGFzaHsABjoKQHVzZWR7AA==--30afe38a5ea97b89f6a77d1e53e3ea3eb4131eb1
  Parameters: {"commit"=>"Log in", "authenticity_token"=>"8da5a4767b9228bc596d0f4ca842ad7e372a92fc", "action"=>"create", "controller"=>"sessions", "password"=>"12manyhacks", "login"=>"steini"}
  [4;36;1mUser Columns (0.001401)[0m   [0;1mSHOW FIELDS FROM `users`[0m
  [4;35;1mUser Load (0.000295)[0m   [0mSELECT * FROM `users` WHERE (`users`.`login` = 'steini') LIMIT 1[0m
Redirected to http://localhost:3000/
Completed in 0.07273 (13 reqs/sec) | DB: 0.00170 (2%) | 302 Found [http://localhost/session]


Processing HomeController#index (for 127.0.0.1 at 2008-08-12 12:14:58) [GET]
  Session ID: BAh7CToMdXNlcl9pZGkGOg5yZXR1cm5fdG8wOgxjc3JmX2lkIiU2NDNlMTRj
YjQ3M2YxZWJlYjc1MWEzMzVjYjVhZWNjYSIKZmxhc2hJQzonQWN0aW9uQ29u
dHJvbGxlcjo6Rmxhc2g6OkZsYXNoSGFzaHsGOgtub3RpY2UiG0xvZ2dlZCBp
biBzdWNjZXNzZnVsbHkGOgpAdXNlZHsGOwlG--e89fb05707758d85cfd971d1b3fc2c49a01e6b87
  Parameters: {"action"=>"index", "controller"=>"home"}
  [4;36;1mUser Columns (0.002726)[0m   [0;1mSHOW FIELDS FROM `users`[0m
  [4;35;1mUser Load (0.000764)[0m   [0mSELECT * FROM `users` WHERE (`users`.`id` = 1) LIMIT 1[0m
Rendering home/index
Completed in 0.01724 (57 reqs/sec) | Rendering: 0.00062 (3%) | DB: 0.00349 (20%) | 200 OK [http://localhost/]


Processing SessionsController#new (for 127.0.0.1 at 2008-08-12 12:15:02) [GET]
  Session ID: BAh7CToMdXNlcl9pZGkGOg5yZXR1cm5fdG8wOgxjc3JmX2lkIiU2NDNlMTRj
YjQ3M2YxZWJlYjc1MWEzMzVjYjVhZWNjYSIKZmxhc2hJQzonQWN0aW9uQ29u
dHJvbGxlcjo6Rmxhc2g6OkZsYXNoSGFzaHsGOgtub3RpY2UiG0xvZ2dlZCBp
biBzdWNjZXNzZnVsbHkGOgpAdXNlZHsGOwlU--5a020c9ab738bc1b0ba51f193183d55b9cf1cac7
  Parameters: {"action"=>"new", "controller"=>"sessions"}
Rendering sessions/new
Completed in 0.00412 (242 reqs/sec) | Rendering: 0.00120 (29%) | DB: 0.00000 (0%) | 200 OK [http://localhost/login]


Processing SessionsController#destroy (for 127.0.0.1 at 2008-08-12 12:15:06) [GET]
  Session ID: BAh7CToMdXNlcl9pZGkGOg5yZXR1cm5fdG8wOgxjc3JmX2lkIiU2NDNlMTRj
YjQ3M2YxZWJlYjc1MWEzMzVjYjVhZWNjYSIKZmxhc2hJQzonQWN0aW9uQ29u
dHJvbGxlcjo6Rmxhc2g6OkZsYXNoSGFzaHsABjoKQHVzZWR7AA==--38d4057b424404238803af99ed0e6f8976b3ddf4
  Parameters: {"action"=>"destroy", "controller"=>"sessions"}
  [4;36;1mUser Columns (0.000719)[0m   [0;1mSHOW FIELDS FROM `users`[0m
  [4;35;1mUser Load (0.000055)[0m   [0mSELECT * FROM `users` WHERE (`users`.`id` = 1) LIMIT 1[0m
  [4;36;1mSQL (0.000043)[0m   [0;1mBEGIN[0m
  [4;35;1mSQL (0.000029)[0m   [0mCOMMIT[0m
Cookie set: auth_token=; path=/; expires=Thu, 01 Jan 1970 00:00:00 GMT
Redirected to http://localhost:3000/
Completed in 0.01602 (62 reqs/sec) | DB: 0.00085 (5%) | 302 Found [http://localhost/logout]


Processing HomeController#index (for 127.0.0.1 at 2008-08-12 12:15:06) [GET]
  Session ID: BAh7BzoOcmV0dXJuX3RvMCIKZmxhc2hJQzonQWN0aW9uQ29udHJvbGxlcjo6
Rmxhc2g6OkZsYXNoSGFzaHsGOgtub3RpY2UiHllvdSBoYXZlIGJlZW4gbG9n
Z2VkIG91dC4GOgpAdXNlZHsGOwdG--46b547d849e803228e75b027473603a135a32cb5
  Parameters: {"action"=>"index", "controller"=>"home"}
Redirected to http://localhost:3000/session/new
Filter chain halted as [:login_required] rendered_or_redirected.
Completed in 0.00065 (1529 reqs/sec) | DB: 0.00000 (0%) | 302 Found [http://localhost/]


Processing SessionsController#new (for 127.0.0.1 at 2008-08-12 12:15:06) [GET]
  Session ID: BAh7BzoOcmV0dXJuX3RvIgYvIgpmbGFzaElDOidBY3Rpb25Db250cm9sbGVy
OjpGbGFzaDo6Rmxhc2hIYXNoewY6C25vdGljZSIeWW91IGhhdmUgYmVlbiBs
b2dnZWQgb3V0LgY6CkB1c2VkewY7B1Q=--6f1b0bbaaaabf1747192f4b299a504f8c496881f
  Parameters: {"action"=>"new", "controller"=>"sessions"}
Rendering sessions/new
Completed in 0.00446 (224 reqs/sec) | Rendering: 0.00126 (28%) | DB: 0.00000 (0%) | 200 OK [http://localhost/session/new]
